Connecting to database specified by database.yml
Compiled jquery.js  (3ms)  (pid 31040)
Compiled jquery_ujs.js  (0ms)  (pid 31040)
Compiled application.js  (11ms)  (pid 31040)
Compiled application.css  (0ms)  (pid 31040)
Connecting to database specified by database.yml
Compiled jquery.js  (4ms)  (pid 31040)
Compiled jquery_ujs.js  (0ms)  (pid 31040)
Compiled application.js  (10ms)  (pid 31040)
Compiled application.css  (0ms)  (pid 31040)
Connecting to database specified by database.yml
Compiled jquery.js  (4ms)  (pid 1488)
Compiled jquery_ujs.js  (0ms)  (pid 1488)
Compiled application.js  (11ms)  (pid 1488)
Compiled application.css  (0ms)  (pid 1488)
Connecting to database specified by database.yml
Compiled jquery.js  (3ms)  (pid 1488)
Compiled jquery_ujs.js  (0ms)  (pid 1488)
Compiled application.js  (10ms)  (pid 1488)
Compiled application.css  (0ms)  (pid 1488)
Connecting to database specified by database.yml
Compiled jquery.js  (3ms)  (pid 1518)
Compiled jquery_ujs.js  (0ms)  (pid 1518)
Compiled application.js  (10ms)  (pid 1518)
Compiled application.css  (0ms)  (pid 1518)
Connecting to database specified by database.yml
Compiled jquery.js  (4ms)  (pid 1518)
Compiled jquery_ujs.js  (0ms)  (pid 1518)
Compiled application.js  (11ms)  (pid 1518)
Compiled application.css  (0ms)  (pid 1518)
